<?xml version="1.0" encoding="UTF-8"?>
<!-- Generated by org.testng.reporters.JUnitReportReporter -->
<testsuite hostname="LAPTOP-V59JQD1H" failures="0" tests="3" name="tests.Runner1" time="10.119" errors="0" timestamp="2023-11-16T19:44:17 IST" skipped="0">
  <testcase classname="tests.Runner1" name="runScenario" time="1.508"/>
  <testcase classname="tests.Runner1" name="runScenario" time="6.858"/>
  <testcase classname="tests.Runner1" name="runScenario" time="1.753"/>
</testsuite> <!-- tests.Runner1 -->
